<?xml version="1.0" encoding="UTF-8"?>
<!-- Generated by org.testng.reporters.JUnitReportReporter -->
<testsuite hostname="LAPTOP-M5PKHKMD" failures="0" tests="1" name="com.testpageclass.Hompepgetest" time="3.000" errors="0" timestamp="2024-09-30T10:57:31 IST" skipped="0">
  <testcase classname="com.testpageclass.Hompepgetest" name="navigtetosignuppge" time="3.000"/>
</testsuite> <!-- com.testpageclass.Hompepgetest -->
