<?xml version="1.0" encoding="UTF-8"?>
<!-- Generated by org.testng.reporters.JUnitReportReporter -->
<testsuite hostname="LAPTOP-M5PKHKMD" failures="0" tests="2" name="com.pagetests.LoginTest" time="1.210" errors="0" timestamp="2024-06-03T15:18:18 IST" skipped="0">
  <testcase classname="com.pagetests.LoginTest" name="verfiylogin" time="1.194"/>
  <testcase classname="com.pagetests.LoginTest" name="title" time="0.016"/>
</testsuite> <!-- com.pagetests.LoginTest -->
