<?xml version="1.0" encoding="UTF-8"?>
<!-- Generated by org.testng.reporters.JUnitReportReporter -->
<testsuite hostname="LAPTOP-M5PKHKMD" failures="0" tests="1" name="com.testpageclass.Sihnuppagetest" time="11.120" errors="0" timestamp="2024-10-01T12:04:46 IST" skipped="0">
  <testcase classname="com.testpageclass.Sihnuppagetest" name="enteruserdetils" time="11.120"/>
</testsuite> <!-- com.testpageclass.Sihnuppagetest -->
