<?xml version="1.0" encoding="UTF-8"?>
<!-- Generated by org.testng.reporters.JUnitReportReporter -->
<testsuite hostname="LAPTOP-M5PKHKMD" failures="0" tests="1" name="Dtaprovider.DataProvider" time="4.369" errors="0" timestamp="2023-08-28T22:21:10 IST" skipped="0">
  <testcase classname="Dtaprovider.DataProvider" name="login" time="4.369"/>
</testsuite> <!-- Dtaprovider.DataProvider -->
