<?xml version="1.0" encoding="UTF-8"?>
<!-- Generated by org.testng.reporters.JUnitReportReporter -->
<testsuite hostname="LAPTOP-M5PKHKMD" failures="0" tests="2" name="Datapicker.datapro" time="7.624" errors="0" timestamp="2024-07-25T15:36:57 IST" skipped="0">
  <testcase classname="Datapicker.datapro" name="setup1" time="4.009"/>
  <testcase classname="Datapicker.datapro" name="setup1" time="3.615"/>
</testsuite> <!-- Datapicker.datapro -->
