<?xml version="1.0" encoding="UTF-8"?>
<!-- Generated by org.testng.reporters.JUnitReportReporter -->
<testsuite hostname="LAPTOP-M5PKHKMD" failures="0" tests="1" name="screenshots.Amazon" time="49.328" errors="0" timestamp="2024-07-24T15:23:48 IST" skipped="0">
  <testcase classname="screenshots.Amazon" name="setup" time="49.328"/>
</testsuite> <!-- screenshots.Amazon -->
