<?xml version="1.0" encoding="UTF-8"?>
<!-- Generated by org.testng.reporters.JUnitReportReporter -->
<testsuite hostname="LAPTOP-M5PKHKMD" failures="0" tests="2" name="Testng2.Dataprovid" time="0.010" errors="0" timestamp="2024-05-31T10:54:47 IST" skipped="0">
  <testcase classname="Testng2.Dataprovid" name="login" time="0.001"/>
  <testcase classname="Testng2.Dataprovid" name="login" time="0.009"/>
</testsuite> <!-- Testng2.Dataprovid -->
