<?xml version="1.0" encoding="UTF-8"?>
<!-- Generated by org.testng.reporters.JUnitReportReporter -->
<testsuite hostname="LAPTOP-M5PKHKMD" failures="0" tests="2" name="Testng.Dataprovider" time="16.346" errors="0" timestamp="2024-04-19T11:26:55 IST" skipped="0">
  <testcase classname="Testng.Dataprovider" name="login" time="10.019"/>
  <testcase classname="Testng.Dataprovider" name="login" time="6.327"/>
</testsuite> <!-- Testng.Dataprovider -->
