<?xml version="1.0" encoding="UTF-8"?>
<!-- Generated by org.testng.reporters.JUnitReportReporter -->
<testsuite hostname="LAPTOP-M5PKHKMD" failures="0" tests="1" name="Testng.Verifytitle" time="4.793" errors="0" timestamp="2024-01-11T15:05:43 IST" skipped="0">
  <testcase classname="Testng.Verifytitle" name="show" time="4.793"/>
</testsuite> <!-- Testng.Verifytitle -->
