<?xml version="1.0" encoding="UTF-8"?>
<!-- Generated by org.testng.reporters.JUnitReportReporter -->
<testsuite hostname="LAPTOP-M5PKHKMD" failures="0" tests="4" name="Testng1.parallel" time="0.043" errors="0" timestamp="2024-07-09T12:07:48 IST" skipped="0">
  <testcase classname="Testng1.parallel" name="titleverfiy" time="0.010"/>
  <testcase classname="Testng1.parallel" name="titleverfiy" time="0.015"/>
  <testcase classname="Testng1.parallel" name="verfiyurl" time="0.008"/>
  <testcase classname="Testng1.parallel" name="verfiyurl" time="0.010"/>
</testsuite> <!-- Testng1.parallel -->
