<?xml version="1.0" encoding="UTF-8"?>
<!-- Generated by org.testng.reporters.JUnitReportReporter -->
<testsuite hostname="LAPTOP-M5PKHKMD" failures="0" tests="2" name="Testng1.PaymentTest" time="0.009" errors="0" timestamp="2024-07-06T11:40:48 IST" skipped="0">
  <testcase classname="Testng1.PaymentTest" name="paymentrupees" time="0.008"/>
  <testcase classname="Testng1.PaymentTest" name="payementindollres" time="0.001"/>
</testsuite> <!-- Testng1.PaymentTest -->
