<?xml version="1.0" encoding="UTF-8"?>
<!-- Generated by org.testng.reporters.JUnitReportReporter -->
<testsuite hostname="LAPTOP-M5PKHKMD" failures="0" tests="3" name="Dtaprovider.Dataprovider_use" time="97.235" errors="0" timestamp="2023-08-28T22:11:24 IST" skipped="0">
  <testcase classname="Dtaprovider.Dataprovider_use" name="testingDataprovider" time="26.748"/>
  <testcase classname="Dtaprovider.Dataprovider_use" name="testingDataprovider" time="56.149"/>
  <testcase classname="Dtaprovider.Dataprovider_use" name="testingDataprovider" time="14.338"/>
</testsuite> <!-- Dtaprovider.Dataprovider_use -->
