<?xml version="1.0" encoding="UTF-8"?>
<!-- Generated by org.testng.reporters.JUnitReportReporter -->
<testsuite hostname="LAPTOP-M5PKHKMD" failures="0" tests="2" name="Testng.autosuggestion" time="15.473" errors="0" timestamp="2024-02-18T16:19:01 IST" skipped="0">
  <testcase classname="Testng.autosuggestion" name="laucn" time="7.032"/>
  <testcase classname="Testng.autosuggestion" name="laucn" time="8.441"/>
</testsuite> <!-- Testng.autosuggestion -->
