<?xml version="1.0" encoding="UTF-8"?>
<!-- Generated by org.testng.reporters.JUnitReportReporter -->
<testsuite hostname="LAPTOP-M5PKHKMD" failures="0" tests="3" name="Dtaprovider.DataProvider2" time="22.033" errors="0" timestamp="2023-08-28T22:35:51 IST" skipped="0">
  <testcase classname="Dtaprovider.DataProvider2" name="login" time="9.129"/>
  <testcase classname="Dtaprovider.DataProvider2" name="login" time="6.623"/>
  <testcase classname="Dtaprovider.DataProvider2" name="login" time="6.281"/>
</testsuite> <!-- Dtaprovider.DataProvider2 -->
