<?xml version="1.0" encoding="UTF-8"?>
<!-- Generated by org.testng.reporters.JUnitReportReporter -->
<testsuite hostname="LAPTOP-M5PKHKMD" failures="0" tests="4" name="Testng1.anno2" time="0.009" errors="0" timestamp="2024-07-01T12:02:35 IST" skipped="0">
  <testcase classname="Testng1.anno2" name="search" time="0.001"/>
  <testcase classname="Testng1.anno2" name="advsearch" time="0.005"/>
  <testcase classname="Testng1.anno2" name="search" time="0.001"/>
  <testcase classname="Testng1.anno2" name="advsearch" time="0.002"/>
</testsuite> <!-- Testng1.anno2 -->
