<?xml version="1.0" encoding="UTF-8"?>
<!-- Generated by org.testng.reporters.JUnitReportReporter -->
<testsuite hostname="LAPTOP-M5PKHKMD" failures="0" tests="5" name="Testng1.TestCase1" time="0.013" errors="0" timestamp="2024-05-28T13:22:11 IST" skipped="0">
  <testcase classname="Testng1.TestCase1" name="m2" time="0.009"/>
  <testcase classname="Testng1.TestCase1" name="m3" time="0.001"/>
  <testcase classname="Testng1.TestCase1" name="m1" time="0.001"/>
  <testcase classname="Testng1.TestCase1" name="m2" time="0.001"/>
  <testcase classname="Testng1.TestCase1" name="m3" time="0.001"/>
</testsuite> <!-- Testng1.TestCase1 -->
