<?xml version="1.0" encoding="UTF-8"?>
<!-- Generated by org.testng.reporters.JUnitReportReporter -->
<testsuite hostname="LAPTOP-M5PKHKMD" failures="0" tests="5" name="Testng1.TestCase2" time="0.006" errors="0" timestamp="2024-05-28T13:22:11 IST" skipped="0">
  <testcase classname="Testng1.TestCase2" name="m5" time="0.001"/>
  <testcase classname="Testng1.TestCase2" name="m6" time="0.001"/>
  <testcase classname="Testng1.TestCase2" name="m4" time="0.001"/>
  <testcase classname="Testng1.TestCase2" name="m5" time="0.002"/>
  <testcase classname="Testng1.TestCase2" name="m6" time="0.001"/>
</testsuite> <!-- Testng1.TestCase2 -->
