<?xml version="1.0" encoding="UTF-8"?>
<!-- Generated by org.testng.reporters.JUnitReportReporter -->
<testsuite hostname="LAPTOP-M5PKHKMD" failures="0" tests="2" name="Testng2.Parameterization" time="0.018" errors="0" timestamp="2024-05-31T10:21:57 IST" skipped="0">
  <testcase classname="Testng2.Parameterization" name="setup" time="0.002"/>
  <testcase classname="Testng2.Parameterization" name="setup" time="0.016"/>
</testsuite> <!-- Testng2.Parameterization -->
