<?xml version="1.0" encoding="UTF-8"?>
<!-- Generated by org.testng.reporters.JUnitReportReporter -->
<testsuite hostname="LAPTOP-M5PKHKMD" failures="0" tests="3" name="Testng1.LoginTests" time="0.011" errors="0" timestamp="2024-07-06T11:26:51 IST" skipped="0">
  <testcase classname="Testng1.LoginTests" name="loginByEmail" time="0.009"/>
  <testcase classname="Testng1.LoginTests" name="loginByFacebook" time="0.001"/>
  <testcase classname="Testng1.LoginTests" name="loginByTwiiter" time="0.001"/>
</testsuite> <!-- Testng1.LoginTests -->
