<?xml version="1.0" encoding="UTF-8"?>
<!-- Generated by org.testng.reporters.JUnitReportReporter -->
<testsuite hostname="LAPTOP-M5PKHKMD" failures="0" tests="3" name="Dtaprovider.datapr" time="0.016" errors="0" timestamp="2023-09-10T13:52:17 IST" skipped="0">
  <testcase classname="Dtaprovider.datapr" name="show" time="0.003"/>
  <testcase classname="Dtaprovider.datapr" name="show" time="0.011"/>
  <testcase classname="Dtaprovider.datapr" name="show" time="0.002"/>
</testsuite> <!-- Dtaprovider.datapr -->
