<?xml version="1.0" encoding="UTF-8"?>
<!-- Generated by org.testng.reporters.JUnitReportReporter -->
<testsuite hostname="LAPTOP-M5PKHKMD" failures="0" tests="2" name="Testng1.DataPro" time="1.671" errors="0" timestamp="2024-07-08T12:51:18 IST" skipped="0">
  <testcase classname="Testng1.DataPro" name="login" time="1.377"/>
  <testcase classname="Testng1.DataPro" name="login" time="0.294"/>
</testsuite> <!-- Testng1.DataPro -->
