<?xml version="1.0" encoding="UTF-8"?>
<!-- Generated by org.testng.reporters.JUnitReportReporter -->
<testsuite hostname="LAPTOP-M5PKHKMD" failures="0" tests="1" name="E2E.Framework.CoronaHomePage" time="0.037" errors="0" timestamp="2023-09-08T22:49:24 IST" skipped="0">
  <testcase classname="E2E.Framework.CoronaHomePage" name="NavigateHomePage" time="0.037"/>
</testsuite> <!-- E2E.Framework.CoronaHomePage -->
